[10:54:23] [main/INFO]: Using mbed TLS based native cipher.
[10:54:23] [main/INFO]: Using zlib based native compressor.
[10:54:23] [main/INFO]: Enabled Waterfall version git:Waterfall-Bootstrap:1.19-R0.1-SNAPSHOT:f6069e2:513
[10:54:23] [main/INFO]: Not on Windows, attempting to use enhanced EpollEventLoop
[10:54:23] [main/INFO]: Epoll is working, utilising it!
[10:54:23] [main/INFO]: Discovered module: ModuleSpec(name=cmd_alert, file=modules/cmd_alert.jar, provider=JenkinsModuleSource())
[10:54:23] [main/INFO]: Discovered module: ModuleSpec(name=cmd_find, file=modules/cmd_find.jar, provider=JenkinsModuleSource())
[10:54:23] [main/INFO]: Discovered module: ModuleSpec(name=cmd_list, file=modules/cmd_list.jar, provider=JenkinsModuleSource())
[10:54:23] [main/INFO]: Discovered module: ModuleSpec(name=cmd_send, file=modules/cmd_send.jar, provider=JenkinsModuleSource())
[10:54:23] [main/INFO]: Discovered module: ModuleSpec(name=cmd_server, file=modules/cmd_server.jar, provider=JenkinsModuleSource())
[10:54:23] [main/INFO]: Discovered module: ModuleSpec(name=reconnect_yaml, file=modules/reconnect_yaml.jar, provider=JenkinsModuleSource())
[10:54:23] [main/INFO]: Loaded plugin reconnect_yaml version git:reconnect_yaml:1.19-R0.1-SNAPSHOT:f6069e2:513 by WaterfallMC
[10:54:23] [main/INFO]: Loaded plugin cmd_find version git:cmd_find:1.19-R0.1-SNAPSHOT:f6069e2:513 by WaterfallMC
[10:54:23] [main/INFO]: Loaded plugin cmd_server version git:cmd_server:1.19-R0.1-SNAPSHOT:f6069e2:513 by WaterfallMC
[10:54:23] [main/INFO]: Loaded plugin cmd_alert version git:cmd_alert:1.19-R0.1-SNAPSHOT:f6069e2:513 by WaterfallMC
[10:54:23] [main/INFO]: Loaded plugin cmd_send version git:cmd_send:1.19-R0.1-SNAPSHOT:f6069e2:513 by WaterfallMC
[10:54:23] [main/INFO]: Loaded plugin cmd_list version git:cmd_list:1.19-R0.1-SNAPSHOT:f6069e2:513 by WaterfallMC
[10:54:23] [main/WARN]: :>:>:>:>:>:>:>:>:>:>:>:>:>:>:>:>:>:>:>:>:>:>:>
[10:54:23] [main/WARN]: :>  
[10:54:23] [main/WARN]: :>      EAGLERCRAFTXBUNGEE WARNING:
[10:54:23] [main/WARN]: :>  
[10:54:23] [main/WARN]: :>  This plugin wasn't tested to be 'working'
[10:54:23] [main/WARN]: :>  with ANY version of BungeeCord (and forks)
[10:54:23] [main/WARN]: :>  apart from the versions listed below:
[10:54:23] [main/WARN]: :>  
[10:54:23] [main/WARN]: :>  - BungeeCord: 1.20-R0.3-SNAPSHOT:eda268b:1797
[10:54:23] [main/WARN]: :>  - Waterfall: 1.20-R0.2-SNAPSHOT:92b5149:562
[10:54:23] [main/WARN]: :>  - FlameCord: 1.1.1
[10:54:23] [main/WARN]: :>  
[10:54:23] [main/WARN]: :>  This is not a Bukkit/Spigot plugin!
[10:54:23] [main/WARN]: :>  
[10:54:23] [main/WARN]: :>  Use "-Deaglerxbungee.stfu=true" to hide
[10:54:23] [main/WARN]: :>  
[10:54:23] [main/WARN]: :>:>:>:>:>:>:>:>:>:>:>:>:>:>:>:>:>:>:>:>:>:>:>
[10:54:23] [main/INFO] [EaglercraftXBungee]: Loading vanilla profile: lax1dude
[10:54:25] [Skin Download Thread #1/INFO] [EaglercraftXBungee]: Loaded vanilla profile: lax1dude
[10:54:25] [main/INFO]: Loaded plugin EaglercraftXBungee version 1.0.10 by lax1dude
[10:54:25] [main/WARN]: Forced host server pvp is not defined
[10:54:25] [main/INFO]: Enabled plugin reconnect_yaml version git:reconnect_yaml:1.19-R0.1-SNAPSHOT:f6069e2:513 by WaterfallMC
[10:54:25] [main/INFO]: Enabled plugin cmd_find version git:cmd_find:1.19-R0.1-SNAPSHOT:f6069e2:513 by WaterfallMC
[10:54:25] [main/INFO]: Enabled plugin cmd_server version git:cmd_server:1.19-R0.1-SNAPSHOT:f6069e2:513 by WaterfallMC
[10:54:25] [main/INFO]: Enabled plugin cmd_alert version git:cmd_alert:1.19-R0.1-SNAPSHOT:f6069e2:513 by WaterfallMC
[10:54:25] [main/INFO]: Enabled plugin cmd_send version git:cmd_send:1.19-R0.1-SNAPSHOT:f6069e2:513 by WaterfallMC
[10:54:25] [main/INFO]: Enabled plugin cmd_list version git:cmd_list:1.19-R0.1-SNAPSHOT:f6069e2:513 by WaterfallMC
[10:54:25] [main/ERROR] [EaglercraftXBungee]: Online mode is set to false! Authentication system has been disabled
[10:54:25] [Netty Worker IO Thread #0/INFO] [EaglercraftXBungee]: Eaglercraft is listening on: /0.0.0.0:8081
[10:54:26] [main/INFO] [EaglercraftXBungee]: Connected to database: jdbc:sqlite:eaglercraft_skins_cache.db
[10:54:26] [main/INFO]: Enabled plugin EaglercraftXBungee version 1.0.10 by lax1dude
[10:54:26] [Netty Boss IO Thread #0/INFO]: Listening on /127.0.0.1:25577
[10:54:27] [EaglerXBungee: Network Tick Tasks/INFO] [EaglercraftXBungee]: Loaded certificate: /workspaces/eaglecraft-server/bungee/plugins/EaglercraftXBungee/eagcert/$dl.6a314f63448f669bee13950455200751edda2564.cert
[10:54:51] [Netty Worker IO Thread #1/INFO] [EaglercraftXBungee]: [/[0:0:0:0:0:0:0:1%0]:34352]: Connected via websocket
[10:54:51] [Netty Worker IO Thread #1/INFO] [EaglercraftXBungee]: [/[0:0:0:0:0:0:0:1%0]:34352]: Origin header is https://eaglercraft.com
[10:54:51] [Netty Worker IO Thread #1/INFO] [EaglercraftXBungee]: [/[0:0:0:0:0:0:0:1%0]:34352]: Logged in as 'Divij'
[10:54:51] [Netty Worker IO Thread #1/INFO]: [/[0:0:0:0:0:0:0:1%0]:34352|Divij] -> UpstreamBridge has connected
[10:54:51] [Netty Worker IO Thread #1/INFO]: [Divij|/[0:0:0:0:0:0:0:1%0]:34352] <-> ServerConnector [lobby] has connected
[10:54:52] [Netty Worker IO Thread #2/INFO] [EaglercraftXBungee]: [/[0:0:0:0:0:0:0:1%0]:43600]: Connected via websocket
[10:54:52] [Netty Worker IO Thread #2/INFO] [EaglercraftXBungee]: [/[0:0:0:0:0:0:0:1%0]:43600]: Origin header is https://eaglercraft.com
[10:54:52] [Netty Worker IO Thread #2/INFO] [EaglercraftXBungee]: [/[0:0:0:0:0:0:0:1%0]:43600]: Logged in as 'LeLouch'
[10:54:52] [Netty Worker IO Thread #2/INFO]: [/[0:0:0:0:0:0:0:1%0]:43600|LeLouch] -> UpstreamBridge has connected
[10:54:52] [Netty Worker IO Thread #2/INFO]: [LeLouch|/[0:0:0:0:0:0:0:1%0]:43600] <-> ServerConnector [lobby] has connected
[10:54:54] [Netty Worker IO Thread #3/INFO] [EaglercraftXBungee]: [/[0:0:0:0:0:0:0:1%0]:43604]: Connected via websocket
[10:54:54] [Netty Worker IO Thread #3/INFO] [EaglercraftXBungee]: [/[0:0:0:0:0:0:0:1%0]:43604]: Origin header is https://eaglercraft.com
[10:54:55] [Netty Worker IO Thread #3/INFO] [EaglercraftXBungee]: [/[0:0:0:0:0:0:0:1%0]:43604]: Logged in as 'TB_'
[10:54:55] [Netty Worker IO Thread #3/INFO]: [/[0:0:0:0:0:0:0:1%0]:43604|TB_] -> UpstreamBridge has connected
[10:54:55] [Netty Worker IO Thread #3/INFO]: [TB_|/[0:0:0:0:0:0:0:1%0]:43604] <-> ServerConnector [lobby] has connected
[11:45:52] [Netty Worker IO Thread #3/INFO]: [/[0:0:0:0:0:0:0:1%0]:43604|TB_] -> UpstreamBridge has disconnected
[11:45:52] [Netty Worker IO Thread #3/INFO]: [TB_] disconnected with: Proxy lost connection to server.
[11:45:52] [Netty Worker IO Thread #3/INFO]: [/[0:0:0:0:0:0:0:1%0]:43604|TB_] <-> DownstreamBridge <-> [lobby] has disconnected
[11:45:52] [Netty Worker IO Thread #1/INFO]: [/[0:0:0:0:0:0:0:1%0]:34352|Divij] -> UpstreamBridge has disconnected
[11:45:52] [Netty Worker IO Thread #1/INFO]: [Divij] disconnected with: Proxy lost connection to server.
[11:45:52] [Netty Worker IO Thread #1/INFO]: [/[0:0:0:0:0:0:0:1%0]:34352|Divij] <-> DownstreamBridge <-> [lobby] has disconnected
[11:45:52] [Netty Worker IO Thread #0/WARN] [EaglercraftXBungee]: Server icon is not a file: /workspaces/eaglecraft-server/bungee/server-icon.png
[11:45:53] [Netty Worker IO Thread #2/INFO]: [/[0:0:0:0:0:0:0:1%0]:43600|LeLouch] -> UpstreamBridge has disconnected
[11:45:53] [Netty Worker IO Thread #2/INFO]: [LeLouch] disconnected with: Proxy lost connection to server.
[11:45:53] [Netty Worker IO Thread #2/INFO]: [/[0:0:0:0:0:0:0:1%0]:43600|LeLouch] <-> DownstreamBridge <-> [lobby] has disconnected
[11:46:44] [Shutdown Thread/INFO]: Closing listener [id: 0x4afa7145, L:/127.0.0.1:25577]
[11:46:44] [Shutdown Thread/INFO]: Closing pending connections
[11:46:44] [Shutdown Thread/INFO]: Disconnecting 0 connections
[11:46:45] [Shutdown Thread/INFO]: Disabling plugins
[11:46:45] [Shutdown Thread/INFO] [EaglercraftXBungee]: Eaglercraft listener closed: /0.0.0.0:8081
[11:46:45] [Shutdown Thread/INFO] [EaglercraftXBungee]: Successfully disconnected from database 'jdbc:sqlite:eaglercraft_skins_cache.db'
[11:46:45] [Shutdown Thread/INFO] [EaglercraftXBungee]: Stopping skin cache HTTP client...
[11:46:47] [Shutdown Thread/INFO]: Closing IO threads
[11:46:49] [Shutdown Thread/INFO]: Thank you and goodbye
